0 silly input []
1 silly flags {
1 silly flags   _: [ 'bootstrap' ],
1 silly flags   'reject-cycles': false,
1 silly flags   rejectCycles: false,
1 silly flags   args: []
1 silly flags }
2 verbose rootPath D:\Server\FleetCart\peanuts
3 info version 2.11.0
4 silly existsSync D:\Server\FleetCart\peanuts\VERSION
5 silly initialize attempt
6 silly npmConfig {
6 silly npmConfig   registry: undefined,
6 silly npmConfig   npmClient: 'yarn',
6 silly npmConfig   npmClientArgs: undefined,
6 silly npmConfig   mutex: 'network:42424'
6 silly npmConfig }
7 silly initialize success
8 silly execute attempt
9 info Bootstrapping 10 packages
10 info lifecycle preinstall
11 silly runScript preinstall admin-module
12 silly admin-module
13 silly runScript preinstall undefined
14 silly
15 silly runScript preinstall category-module
16 silly category-module
17 silly runScript preinstall media-module
18 silly media-module
19 silly runScript preinstall menu-module
20 silly menu-module
21 silly runScript preinstall undefined
22 silly
23 silly runScript preinstall translation-module
24 silly translation-module
25 silly runScript preinstall user-module
26 silly user-module
27 silly runScript preinstall undefined
28 silly
29 silly runScript preinstall storefront-theme
30 silly storefront-theme
31 silly hasDependencyInstalled undefined cross-env
32 silly dependencyIsSatisfied [
32 silly dependencyIsSatisfied   'cross-env',
32 silly dependencyIsSatisfied   '^7.0',
32 silly dependencyIsSatisfied   'D:\\Server\\FleetCart\\peanuts\\Modules\\Apis\\node_modules'
32 silly dependencyIsSatisfied ]
33 verbose dependencyIsSatisfied cross-env false
34 silly hasDependencyInstalled undefined cross-env
35 silly dependencyIsSatisfied [
35 silly dependencyIsSatisfied   'cross-env',
35 silly dependencyIsSatisfied   '^7.0',
35 silly dependencyIsSatisfied   'D:\\Server\\FleetCart\\peanuts\\Modules\\Apis\\node_modules'
35 silly dependencyIsSatisfied ]
36 verbose dependencyIsSatisfied cross-env false
37 silly hasDependencyInstalled undefined cross-env
38 silly dependencyIsSatisfied [
38 silly dependencyIsSatisfied   'cross-env',
38 silly dependencyIsSatisfied   '^7.0',
38 silly dependencyIsSatisfied   'D:\\Server\\FleetCart\\peanuts\\Modules\\Apis\\node_modules'
38 silly dependencyIsSatisfied ]
39 verbose dependencyIsSatisfied cross-env false
40 silly hasDependencyInstalled undefined laravel-mix
41 silly dependencyIsSatisfied [
41 silly dependencyIsSatisfied   'laravel-mix',
41 silly dependencyIsSatisfied   '^5.0.1',
41 silly dependencyIsSatisfied   'D:\\Server\\FleetCart\\peanuts\\Modules\\Apis\\node_modules'
41 silly dependencyIsSatisfied ]
42 verbose dependencyIsSatisfied laravel-mix false
43 silly hasDependencyInstalled undefined laravel-mix
44 silly dependencyIsSatisfied [
44 silly dependencyIsSatisfied   'laravel-mix',
44 silly dependencyIsSatisfied   '^5.0.1',
44 silly dependencyIsSatisfied   'D:\\Server\\FleetCart\\peanuts\\Modules\\Apis\\node_modules'
44 silly dependencyIsSatisfied ]
45 verbose dependencyIsSatisfied laravel-mix false
46 silly hasDependencyInstalled undefined laravel-mix
47 silly dependencyIsSatisfied [
47 silly dependencyIsSatisfied   'laravel-mix',
47 silly dependencyIsSatisfied   '^5.0.1',
47 silly dependencyIsSatisfied   'D:\\Server\\FleetCart\\peanuts\\Modules\\Apis\\node_modules'
47 silly dependencyIsSatisfied ]
48 verbose dependencyIsSatisfied laravel-mix false
49 silly hasDependencyInstalled undefined laravel-mix-merge-manifest
50 silly dependencyIsSatisfied [
50 silly dependencyIsSatisfied   'laravel-mix-merge-manifest',
50 silly dependencyIsSatisfied   '^0.1.2',
50 silly dependencyIsSatisfied   'D:\\Server\\FleetCart\\peanuts\\Modules\\Apis\\node_modules'
50 silly dependencyIsSatisfied ]
51 verbose dependencyIsSatisfied laravel-mix-merge-manifest false
52 silly hasDependencyInstalled undefined laravel-mix-merge-manifest
53 silly dependencyIsSatisfied [
53 silly dependencyIsSatisfied   'laravel-mix-merge-manifest',
53 silly dependencyIsSatisfied   '^0.1.2',
53 silly dependencyIsSatisfied   'D:\\Server\\FleetCart\\peanuts\\Modules\\Apis\\node_modules'
53 silly dependencyIsSatisfied ]
54 verbose dependencyIsSatisfied laravel-mix-merge-manifest false
55 silly hasDependencyInstalled undefined laravel-mix-merge-manifest
56 silly dependencyIsSatisfied [
56 silly dependencyIsSatisfied   'laravel-mix-merge-manifest',
56 silly dependencyIsSatisfied   '^0.1.2',
56 silly dependencyIsSatisfied   'D:\\Server\\FleetCart\\peanuts\\Modules\\Apis\\node_modules'
56 silly dependencyIsSatisfied ]
57 verbose dependencyIsSatisfied laravel-mix-merge-manifest false
58 silly hasDependencyInstalled storefront-theme rtlcss
59 silly dependencyIsSatisfied [
59 silly dependencyIsSatisfied   'rtlcss',
59 silly dependencyIsSatisfied   '^2.4.0',
59 silly dependencyIsSatisfied   'D:\\Server\\FleetCart\\peanuts\\Themes\\Storefront\\node_modules'
59 silly dependencyIsSatisfied ]
60 verbose dependencyIsSatisfied rtlcss false
61 silly hasDependencyInstalled admin-module bootstrap
62 silly dependencyIsSatisfied [
62 silly dependencyIsSatisfied   'bootstrap',
62 silly dependencyIsSatisfied   '^3.3.7',
62 silly dependencyIsSatisfied   'D:\\Server\\FleetCart\\peanuts\\Modules\\Admin\\node_modules'
62 silly dependencyIsSatisfied ]
63 verbose dependencyIsSatisfied bootstrap false
64 silly hasDependencyInstalled storefront-theme bootstrap
65 silly dependencyIsSatisfied [
65 silly dependencyIsSatisfied   'bootstrap',
65 silly dependencyIsSatisfied   '^4.3.1',
65 silly dependencyIsSatisfied   'D:\\Server\\FleetCart\\peanuts\\Themes\\Storefront\\node_modules'
65 silly dependencyIsSatisfied ]
66 verbose dependencyIsSatisfied bootstrap false
67 silly hasDependencyInstalled admin-module chart.js
68 silly dependencyIsSatisfied [
68 silly dependencyIsSatisfied   'chart.js',
68 silly dependencyIsSatisfied   '^2.7.3',
68 silly dependencyIsSatisfied   'D:\\Server\\FleetCart\\peanuts\\Modules\\Admin\\node_modules'
68 silly dependencyIsSatisfied ]
69 verbose dependencyIsSatisfied chart.js false
70 silly hasDependencyInstalled admin-module datatables.net
71 silly dependencyIsSatisfied [
71 silly dependencyIsSatisfied   'datatables.net',
71 silly dependencyIsSatisfied   '^1.10.15',
71 silly dependencyIsSatisfied   'D:\\Server\\FleetCart\\peanuts\\Modules\\Admin\\node_modules'
71 silly dependencyIsSatisfied ]
72 verbose dependencyIsSatisfied datatables.net false
73 silly hasDependencyInstalled admin-module datatables.net-bs
74 silly dependencyIsSatisfied [
74 silly dependencyIsSatisfied   'datatables.net-bs',
74 silly dependencyIsSatisfied   '^1.10.15',
74 silly dependencyIsSatisfied   'D:\\Server\\FleetCart\\peanuts\\Modules\\Admin\\node_modules'
74 silly dependencyIsSatisfied ]
75 verbose dependencyIsSatisfied datatables.net-bs false
76 silly hasDependencyInstalled admin-module flatpickr
77 silly dependencyIsSatisfied [
77 silly dependencyIsSatisfied   'flatpickr',
77 silly dependencyIsSatisfied   '^3.0.6',
77 silly dependencyIsSatisfied   'D:\\Server\\FleetCart\\peanuts\\Modules\\Admin\\node_modules'
77 silly dependencyIsSatisfied ]
78 verbose dependencyIsSatisfied flatpickr false
79 silly hasDependencyInstalled storefront-theme flatpickr
80 silly dependencyIsSatisfied [
80 silly dependencyIsSatisfied   'flatpickr',
80 silly dependencyIsSatisfied   '^4.6.3',
80 silly dependencyIsSatisfied   'D:\\Server\\FleetCart\\peanuts\\Themes\\Storefront\\node_modules'
80 silly dependencyIsSatisfied ]
81 verbose dependencyIsSatisfied flatpickr false
82 silly hasDependencyInstalled admin-module font-awesome
83 silly dependencyIsSatisfied [
83 silly dependencyIsSatisfied   'font-awesome',
83 silly dependencyIsSatisfied   '^4.7.0',
83 silly dependencyIsSatisfied   'D:\\Server\\FleetCart\\peanuts\\Modules\\Admin\\node_modules'
83 silly dependencyIsSatisfied ]
84 verbose dependencyIsSatisfied font-awesome false
85 silly hasDependencyInstalled admin-module jquery
86 silly dependencyIsSatisfied [
86 silly dependencyIsSatisfied   'jquery',
86 silly dependencyIsSatisfied   '^3.2.1',
86 silly dependencyIsSatisfied   'D:\\Server\\FleetCart\\peanuts\\Modules\\Admin\\node_modules'
86 silly dependencyIsSatisfied ]
87 verbose dependencyIsSatisfied jquery false
88 silly hasDependencyInstalled storefront-theme jquery
89 silly dependencyIsSatisfied [
89 silly dependencyIsSatisfied   'jquery',
89 silly dependencyIsSatisfied   '^3.4.1',
89 silly dependencyIsSatisfied   'D:\\Server\\FleetCart\\peanuts\\Themes\\Storefront\\node_modules'
89 silly dependencyIsSatisfied ]
90 verbose dependencyIsSatisfied jquery false
91 silly hasDependencyInstalled admin-module jquery-slimscroll
92 silly dependencyIsSatisfied [
92 silly dependencyIsSatisfied   'jquery-slimscroll',
92 silly dependencyIsSatisfied   '^1.3.8',
92 silly dependencyIsSatisfied   'D:\\Server\\FleetCart\\peanuts\\Modules\\Admin\\node_modules'
92 silly dependencyIsSatisfied ]
93 verbose dependencyIsSatisfied jquery-slimscroll false
94 silly hasDependencyInstalled admin-module lodash
95 silly dependencyIsSatisfied [
95 silly dependencyIsSatisfied   'lodash',
95 silly dependencyIsSatisfied   '^4.17.4',
95 silly dependencyIsSatisfied   'D:\\Server\\FleetCart\\peanuts\\Modules\\Admin\\node_modules'
95 silly dependencyIsSatisfied ]
96 verbose dependencyIsSatisfied lodash false
97 silly hasDependencyInstalled admin-module mousetrap
98 silly dependencyIsSatisfied [
98 silly dependencyIsSatisfied   'mousetrap',
98 silly dependencyIsSatisfied   '^1.6.1',
98 silly dependencyIsSatisfied   'D:\\Server\\FleetCart\\peanuts\\Modules\\Admin\\node_modules'
98 silly dependencyIsSatisfied ]
99 verbose dependencyIsSatisfied mousetrap false
100 silly hasDependencyInstalled admin-module nprogress
101 silly dependencyIsSatisfied [
101 silly dependencyIsSatisfied   'nprogress',
101 silly dependencyIsSatisfied   '^0.2.0',
101 silly dependencyIsSatisfied   'D:\\Server\\FleetCart\\peanuts\\Modules\\Admin\\node_modules'
101 silly dependencyIsSatisfied ]
102 verbose dependencyIsSatisfied nprogress false
103 silly hasDependencyInstalled admin-module selectize
104 silly dependencyIsSatisfied [
104 silly dependencyIsSatisfied   'selectize',
104 silly dependencyIsSatisfied   '^0.12.6',
104 silly dependencyIsSatisfied   'D:\\Server\\FleetCart\\peanuts\\Modules\\Admin\\node_modules'
104 silly dependencyIsSatisfied ]
105 verbose dependencyIsSatisfied selectize false
106 silly hasDependencyInstalled admin-module sortablejs
107 silly dependencyIsSatisfied [
107 silly dependencyIsSatisfied   'sortablejs',
107 silly dependencyIsSatisfied   'https://github.com/RubaXa/Sortable',
107 silly dependencyIsSatisfied   'D:\\Server\\FleetCart\\peanuts\\Modules\\Admin\\node_modules'
107 silly dependencyIsSatisfied ]
108 verbose dependencyIsSatisfied sortablejs false
109 silly hasDependencyInstalled admin-module tinymce
110 silly dependencyIsSatisfied [
110 silly dependencyIsSatisfied   'tinymce',
110 silly dependencyIsSatisfied   '^5.2.2',
110 silly dependencyIsSatisfied   'D:\\Server\\FleetCart\\peanuts\\Modules\\Admin\\node_modules'
110 silly dependencyIsSatisfied ]
111 verbose dependencyIsSatisfied tinymce false
112 silly hasDependencyInstalled category-module jstree
113 silly dependencyIsSatisfied [
113 silly dependencyIsSatisfied   'jstree',
113 silly dependencyIsSatisfied   '^3.3.9',
113 silly dependencyIsSatisfied   'D:\\Server\\FleetCart\\peanuts\\Modules\\Category\\node_modules'
113 silly dependencyIsSatisfied ]
114 verbose dependencyIsSatisfied jstree false
115 silly hasDependencyInstalled media-module dropzone
116 silly dependencyIsSatisfied [
116 silly dependencyIsSatisfied   'dropzone',
116 silly dependencyIsSatisfied   '^5.4.0',
116 silly dependencyIsSatisfied   'D:\\Server\\FleetCart\\peanuts\\Modules\\Media\\node_modules'
116 silly dependencyIsSatisfied ]
117 verbose dependencyIsSatisfied dropzone false
118 silly hasDependencyInstalled menu-module nestable2
119 silly dependencyIsSatisfied [
119 silly dependencyIsSatisfied   'nestable2',
119 silly dependencyIsSatisfied   '^1.6.0',
119 silly dependencyIsSatisfied   'D:\\Server\\FleetCart\\peanuts\\Modules\\Menu\\node_modules'
119 silly dependencyIsSatisfied ]
120 verbose dependencyIsSatisfied nestable2 false
121 silly hasDependencyInstalled translation-module x-editable
122 silly dependencyIsSatisfied [
122 silly dependencyIsSatisfied   'x-editable',
122 silly dependencyIsSatisfied   '^1.5.1',
122 silly dependencyIsSatisfied   'D:\\Server\\FleetCart\\peanuts\\Modules\\Translation\\node_modules'
122 silly dependencyIsSatisfied ]
123 verbose dependencyIsSatisfied x-editable false
124 silly hasDependencyInstalled storefront-theme animate.css
125 silly dependencyIsSatisfied [
125 silly dependencyIsSatisfied   'animate.css',
125 silly dependencyIsSatisfied   '^3.7.2',
125 silly dependencyIsSatisfied   'D:\\Server\\FleetCart\\peanuts\\Themes\\Storefront\\node_modules'
125 silly dependencyIsSatisfied ]
126 verbose dependencyIsSatisfied animate.css false
127 silly hasDependencyInstalled storefront-theme jquery-nice-select
128 silly dependencyIsSatisfied [
128 silly dependencyIsSatisfied   'jquery-nice-select',
128 silly dependencyIsSatisfied   '^1.1.0',
128 silly dependencyIsSatisfied   'D:\\Server\\FleetCart\\peanuts\\Themes\\Storefront\\node_modules'
128 silly dependencyIsSatisfied ]
129 verbose dependencyIsSatisfied jquery-nice-select false
130 silly hasDependencyInstalled storefront-theme jquery-zoom
131 silly dependencyIsSatisfied [
131 silly dependencyIsSatisfied   'jquery-zoom',
131 silly dependencyIsSatisfied   '^1.7.21',
131 silly dependencyIsSatisfied   'D:\\Server\\FleetCart\\peanuts\\Themes\\Storefront\\node_modules'
131 silly dependencyIsSatisfied ]
132 verbose dependencyIsSatisfied jquery-zoom false
133 silly hasDependencyInstalled storefront-theme kbw-countdown
134 silly dependencyIsSatisfied [
134 silly dependencyIsSatisfied   'kbw-countdown',
134 silly dependencyIsSatisfied   'https://github.com/kbwood/countdown.git',
134 silly dependencyIsSatisfied   'D:\\Server\\FleetCart\\peanuts\\Themes\\Storefront\\node_modules'
134 silly dependencyIsSatisfied ]
135 verbose dependencyIsSatisfied kbw-countdown false
136 silly hasDependencyInstalled storefront-theme line-awesome
137 silly dependencyIsSatisfied [
137 silly dependencyIsSatisfied   'line-awesome',
137 silly dependencyIsSatisfied   '^1.3.0',
137 silly dependencyIsSatisfied   'D:\\Server\\FleetCart\\peanuts\\Themes\\Storefront\\node_modules'
137 silly dependencyIsSatisfied ]
138 verbose dependencyIsSatisfied line-awesome false
139 silly hasDependencyInstalled storefront-theme nouislider
140 silly dependencyIsSatisfied [
140 silly dependencyIsSatisfied   'nouislider',
140 silly dependencyIsSatisfied   '^14.1.1',
140 silly dependencyIsSatisfied   'D:\\Server\\FleetCart\\peanuts\\Themes\\Storefront\\node_modules'
140 silly dependencyIsSatisfied ]
141 verbose dependencyIsSatisfied nouislider false
142 silly hasDependencyInstalled storefront-theme popper.js
143 silly dependencyIsSatisfied [
143 silly dependencyIsSatisfied   'popper.js',
143 silly dependencyIsSatisfied   '^1.15.0',
143 silly dependencyIsSatisfied   'D:\\Server\\FleetCart\\peanuts\\Themes\\Storefront\\node_modules'
143 silly dependencyIsSatisfied ]
144 verbose dependencyIsSatisfied popper.js false
145 silly hasDependencyInstalled storefront-theme slick-carousel
146 silly dependencyIsSatisfied [
146 silly dependencyIsSatisfied   'slick-carousel',
146 silly dependencyIsSatisfied   '^1.8.1',
146 silly dependencyIsSatisfied   'D:\\Server\\FleetCart\\peanuts\\Themes\\Storefront\\node_modules'
146 silly dependencyIsSatisfied ]
147 verbose dependencyIsSatisfied slick-carousel false
148 silly hasDependencyInstalled storefront-theme slick-lightbox
149 silly dependencyIsSatisfied [
149 silly dependencyIsSatisfied   'slick-lightbox',
149 silly dependencyIsSatisfied   '^0.2.12',
149 silly dependencyIsSatisfied   'D:\\Server\\FleetCart\\peanuts\\Themes\\Storefront\\node_modules'
149 silly dependencyIsSatisfied ]
150 verbose dependencyIsSatisfied slick-lightbox false
151 silly hasDependencyInstalled storefront-theme v-click-outside
152 silly dependencyIsSatisfied [
152 silly dependencyIsSatisfied   'v-click-outside',
152 silly dependencyIsSatisfied   '^3.0.1',
152 silly dependencyIsSatisfied   'D:\\Server\\FleetCart\\peanuts\\Themes\\Storefront\\node_modules'
152 silly dependencyIsSatisfied ]
153 verbose dependencyIsSatisfied v-click-outside false
154 silly hasDependencyInstalled storefront-theme vue
155 silly dependencyIsSatisfied [
155 silly dependencyIsSatisfied   'vue',
155 silly dependencyIsSatisfied   '^2.6.11',
155 silly dependencyIsSatisfied   'D:\\Server\\FleetCart\\peanuts\\Themes\\Storefront\\node_modules'
155 silly dependencyIsSatisfied ]
156 verbose dependencyIsSatisfied vue false
157 silly hasDependencyInstalled storefront-theme vue-toast-notification
158 silly dependencyIsSatisfied [
158 silly dependencyIsSatisfied   'vue-toast-notification',
158 silly dependencyIsSatisfied   '^0.0.3',
158 silly dependencyIsSatisfied   'D:\\Server\\FleetCart\\peanuts\\Themes\\Storefront\\node_modules'
158 silly dependencyIsSatisfied ]
159 verbose dependencyIsSatisfied vue-toast-notification false
160 silly root dependencies []
161 silly leaf dependencies {
161 silly leaf dependencies   "undefined": [
161 silly leaf dependencies     {
161 silly leaf dependencies       "dependency": "cross-env@^7.0",
161 silly leaf dependencies       "isSatisfied": false
161 silly leaf dependencies     },
161 silly leaf dependencies     {
161 silly leaf dependencies       "dependency": "cross-env@^7.0",
161 silly leaf dependencies       "isSatisfied": false
161 silly leaf dependencies     },
161 silly leaf dependencies     {
161 silly leaf dependencies       "dependency": "cross-env@^7.0",
161 silly leaf dependencies       "isSatisfied": false
161 silly leaf dependencies     },
161 silly leaf dependencies     {
161 silly leaf dependencies       "dependency": "laravel-mix@^5.0.1",
161 silly leaf dependencies       "isSatisfied": false
161 silly leaf dependencies     },
161 silly leaf dependencies     {
161 silly leaf dependencies       "dependency": "laravel-mix@^5.0.1",
161 silly leaf dependencies       "isSatisfied": false
161 silly leaf dependencies     },
161 silly leaf dependencies     {
161 silly leaf dependencies       "dependency": "laravel-mix@^5.0.1",
161 silly leaf dependencies       "isSatisfied": false
161 silly leaf dependencies     },
161 silly leaf dependencies     {
161 silly leaf dependencies       "dependency": "laravel-mix-merge-manifest@^0.1.2",
161 silly leaf dependencies       "isSatisfied": false
161 silly leaf dependencies     },
161 silly leaf dependencies     {
161 silly leaf dependencies       "dependency": "laravel-mix-merge-manifest@^0.1.2",
161 silly leaf dependencies       "isSatisfied": false
161 silly leaf dependencies     },
161 silly leaf dependencies     {
161 silly leaf dependencies       "dependency": "laravel-mix-merge-manifest@^0.1.2",
161 silly leaf dependencies       "isSatisfied": false
161 silly leaf dependencies     }
161 silly leaf dependencies   ],
161 silly leaf dependencies   "storefront-theme": [
161 silly leaf dependencies     {
161 silly leaf dependencies       "dependency": "rtlcss@^2.4.0",
161 silly leaf dependencies       "isSatisfied": false
161 silly leaf dependencies     },
161 silly leaf dependencies     {
161 silly leaf dependencies       "dependency": "bootstrap@^4.3.1",
161 silly leaf dependencies       "isSatisfied": false
161 silly leaf dependencies     },
161 silly leaf dependencies     {
161 silly leaf dependencies       "dependency": "flatpickr@^4.6.3",
161 silly leaf dependencies       "isSatisfied": false
161 silly leaf dependencies     },
161 silly leaf dependencies     {
161 silly leaf dependencies       "dependency": "jquery@^3.4.1",
161 silly leaf dependencies       "isSatisfied": false
161 silly leaf dependencies     },
161 silly leaf dependencies     {
161 silly leaf dependencies       "dependency": "animate.css@^3.7.2",
161 silly leaf dependencies       "isSatisfied": false
161 silly leaf dependencies     },
161 silly leaf dependencies     {
161 silly leaf dependencies       "dependency": "jquery-nice-select@^1.1.0",
161 silly leaf dependencies       "isSatisfied": false
161 silly leaf dependencies     },
161 silly leaf dependencies     {
161 silly leaf dependencies       "dependency": "jquery-zoom@^1.7.21",
161 silly leaf dependencies       "isSatisfied": false
161 silly leaf dependencies     },
161 silly leaf dependencies     {
161 silly leaf dependencies       "dependency": "kbw-countdown@https://github.com/kbwood/countdown.git",
161 silly leaf dependencies       "isSatisfied": false
161 silly leaf dependencies     },
161 silly leaf dependencies     {
161 silly leaf dependencies       "dependency": "line-awesome@^1.3.0",
161 silly leaf dependencies       "isSatisfied": false
161 silly leaf dependencies     },
161 silly leaf dependencies     {
161 silly leaf dependencies       "dependency": "nouislider@^14.1.1",
161 silly leaf dependencies       "isSatisfied": false
161 silly leaf dependencies     },
161 silly leaf dependencies     {
161 silly leaf dependencies       "dependency": "popper.js@^1.15.0",
161 silly leaf dependencies       "isSatisfied": false
161 silly leaf dependencies     },
161 silly leaf dependencies     {
161 silly leaf dependencies       "dependency": "slick-carousel@^1.8.1",
161 silly leaf dependencies       "isSatisfied": false
161 silly leaf dependencies     },
161 silly leaf dependencies     {
161 silly leaf dependencies       "dependency": "slick-lightbox@^0.2.12",
161 silly leaf dependencies       "isSatisfied": false
161 silly leaf dependencies     },
161 silly leaf dependencies     {
161 silly leaf dependencies       "dependency": "v-click-outside@^3.0.1",
161 silly leaf dependencies       "isSatisfied": false
161 silly leaf dependencies     },
161 silly leaf dependencies     {
161 silly leaf dependencies       "dependency": "vue@^2.6.11",
161 silly leaf dependencies       "isSatisfied": false
161 silly leaf dependencies     },
161 silly leaf dependencies     {
161 silly leaf dependencies       "dependency": "vue-toast-notification@^0.0.3",
161 silly leaf dependencies       "isSatisfied": false
161 silly leaf dependencies     }
161 silly leaf dependencies   ],
161 silly leaf dependencies   "admin-module": [
161 silly leaf dependencies     {
161 silly leaf dependencies       "dependency": "bootstrap@^3.3.7",
161 silly leaf dependencies       "isSatisfied": false
161 silly leaf dependencies     },
161 silly leaf dependencies     {
161 silly leaf dependencies       "dependency": "chart.js@^2.7.3",
161 silly leaf dependencies       "isSatisfied": false
161 silly leaf dependencies     },
161 silly leaf dependencies     {
161 silly leaf dependencies       "dependency": "datatables.net@^1.10.15",
161 silly leaf dependencies       "isSatisfied": false
161 silly leaf dependencies     },
161 silly leaf dependencies     {
161 silly leaf dependencies       "dependency": "datatables.net-bs@^1.10.15",
161 silly leaf dependencies       "isSatisfied": false
161 silly leaf dependencies     },
161 silly leaf dependencies     {
161 silly leaf dependencies       "dependency": "flatpickr@^3.0.6",
161 silly leaf dependencies       "isSatisfied": false
161 silly leaf dependencies     },
161 silly leaf dependencies     {
161 silly leaf dependencies       "dependency": "font-awesome@^4.7.0",
161 silly leaf dependencies       "isSatisfied": false
161 silly leaf dependencies     },
161 silly leaf dependencies     {
161 silly leaf dependencies       "dependency": "jquery@^3.2.1",
161 silly leaf dependencies       "isSatisfied": false
161 silly leaf dependencies     },
161 silly leaf dependencies     {
161 silly leaf dependencies       "dependency": "jquery-slimscroll@^1.3.8",
161 silly leaf dependencies       "isSatisfied": false
161 silly leaf dependencies     },
161 silly leaf dependencies     {
161 silly leaf dependencies       "dependency": "lodash@^4.17.4",
161 silly leaf dependencies       "isSatisfied": false
161 silly leaf dependencies     },
161 silly leaf dependencies     {
161 silly leaf dependencies       "dependency": "mousetrap@^1.6.1",
161 silly leaf dependencies       "isSatisfied": false
161 silly leaf dependencies     },
161 silly leaf dependencies     {
161 silly leaf dependencies       "dependency": "nprogress@^0.2.0",
161 silly leaf dependencies       "isSatisfied": false
161 silly leaf dependencies     },
161 silly leaf dependencies     {
161 silly leaf dependencies       "dependency": "selectize@^0.12.6",
161 silly leaf dependencies       "isSatisfied": false
161 silly leaf dependencies     },
161 silly leaf dependencies     {
161 silly leaf dependencies       "dependency": "sortablejs@https://github.com/RubaXa/Sortable",
161 silly leaf dependencies       "isSatisfied": false
161 silly leaf dependencies     },
161 silly leaf dependencies     {
161 silly leaf dependencies       "dependency": "tinymce@^5.2.2",
161 silly leaf dependencies       "isSatisfied": false
161 silly leaf dependencies     }
161 silly leaf dependencies   ],
161 silly leaf dependencies   "category-module": [
161 silly leaf dependencies     {
161 silly leaf dependencies       "dependency": "jstree@^3.3.9",
161 silly leaf dependencies       "isSatisfied": false
161 silly leaf dependencies     }
161 silly leaf dependencies   ],
161 silly leaf dependencies   "media-module": [
161 silly leaf dependencies     {
161 silly leaf dependencies       "dependency": "dropzone@^5.4.0",
161 silly leaf dependencies       "isSatisfied": false
161 silly leaf dependencies     }
161 silly leaf dependencies   ],
161 silly leaf dependencies   "menu-module": [
161 silly leaf dependencies     {
161 silly leaf dependencies       "dependency": "nestable2@^1.6.0",
161 silly leaf dependencies       "isSatisfied": false
161 silly leaf dependencies     }
161 silly leaf dependencies   ],
161 silly leaf dependencies   "translation-module": [
161 silly leaf dependencies     {
161 silly leaf dependencies       "dependency": "x-editable@^1.5.1",
161 silly leaf dependencies       "isSatisfied": false
161 silly leaf dependencies     }
161 silly leaf dependencies   ]
161 silly leaf dependencies }
162 info Installing external dependencies
163 verbose actions 7 actions, concurrency 4
164 silly installInDir Votes [
164 silly installInDir   'cross-env@^7.0',
164 silly installInDir   'cross-env@^7.0',
164 silly installInDir   'cross-env@^7.0',
164 silly installInDir   'laravel-mix@^5.0.1',
164 silly installInDir   'laravel-mix@^5.0.1',
164 silly installInDir   'laravel-mix@^5.0.1',
164 silly installInDir   'laravel-mix-merge-manifest@^0.1.2',
164 silly installInDir   'laravel-mix-merge-manifest@^0.1.2',
164 silly installInDir   'laravel-mix-merge-manifest@^0.1.2'
164 silly installInDir ]
165 silly installInDir backup D:\Server\FleetCart\peanuts\Modules\Votes\package.json
166 silly rename [
166 silly rename   'D:\\Server\\FleetCart\\peanuts\\Modules\\Votes\\package.json',
166 silly rename   'D:\\Server\\FleetCart\\peanuts\\Modules\\Votes\\package.json.lerna_backup'
166 silly rename ]
167 silly installInDir Storefront [
167 silly installInDir   'rtlcss@^2.4.0',
167 silly installInDir   'bootstrap@^4.3.1',
167 silly installInDir   'flatpickr@^4.6.3',
167 silly installInDir   'jquery@^3.4.1',
167 silly installInDir   'animate.css@^3.7.2',
167 silly installInDir   'jquery-nice-select@^1.1.0',
167 silly installInDir   'jquery-zoom@^1.7.21',
167 silly installInDir   'kbw-countdown@https://github.com/kbwood/countdown.git',
167 silly installInDir   'line-awesome@^1.3.0',
167 silly installInDir   'nouislider@^14.1.1',
167 silly installInDir   'popper.js@^1.15.0',
167 silly installInDir   'slick-carousel@^1.8.1',
167 silly installInDir   'slick-lightbox@^0.2.12',
167 silly installInDir   'v-click-outside@^3.0.1',
167 silly installInDir   'vue@^2.6.11',
167 silly installInDir   'vue-toast-notification@^0.0.3'
167 silly installInDir ]
168 silly installInDir backup D:\Server\FleetCart\peanuts\Themes\Storefront\package.json
169 silly rename [
169 silly rename   'D:\\Server\\FleetCart\\peanuts\\Themes\\Storefront\\package.json',
169 silly rename   'D:\\Server\\FleetCart\\peanuts\\Themes\\Storefront\\package.json.lerna_backup'
169 silly rename ]
170 silly installInDir Admin [
170 silly installInDir   'bootstrap@^3.3.7',
170 silly installInDir   'chart.js@^2.7.3',
170 silly installInDir   'datatables.net@^1.10.15',
170 silly installInDir   'datatables.net-bs@^1.10.15',
170 silly installInDir   'flatpickr@^3.0.6',
170 silly installInDir   'font-awesome@^4.7.0',
170 silly installInDir   'jquery@^3.2.1',
170 silly installInDir   'jquery-slimscroll@^1.3.8',
170 silly installInDir   'lodash@^4.17.4',
170 silly installInDir   'mousetrap@^1.6.1',
170 silly installInDir   'nprogress@^0.2.0',
170 silly installInDir   'selectize@^0.12.6',
170 silly installInDir   'sortablejs@https://github.com/RubaXa/Sortable',
170 silly installInDir   'tinymce@^5.2.2'
170 silly installInDir ]
171 silly installInDir backup D:\Server\FleetCart\peanuts\Modules\Admin\package.json
172 silly rename [
172 silly rename   'D:\\Server\\FleetCart\\peanuts\\Modules\\Admin\\package.json',
172 silly rename   'D:\\Server\\FleetCart\\peanuts\\Modules\\Admin\\package.json.lerna_backup'
172 silly rename ]
173 silly installInDir Category [ 'jstree@^3.3.9' ]
174 silly installInDir backup D:\Server\FleetCart\peanuts\Modules\Category\package.json
175 silly rename [
175 silly rename   'D:\\Server\\FleetCart\\peanuts\\Modules\\Category\\package.json',
175 silly rename   'D:\\Server\\FleetCart\\peanuts\\Modules\\Category\\package.json.lerna_backup'
175 silly rename ]
176 silly installInDir writing tempJson {
176 silly installInDir   dependencies: {
176 silly installInDir     'cross-env': '^7.0',
176 silly installInDir     'laravel-mix': '^5.0.1',
176 silly installInDir     'laravel-mix-merge-manifest': '^0.1.2'
176 silly installInDir   }
176 silly installInDir }
177 silly installInDir writing tempJson {
177 silly installInDir   dependencies: {
177 silly installInDir     rtlcss: '^2.4.0',
177 silly installInDir     bootstrap: '^4.3.1',
177 silly installInDir     flatpickr: '^4.6.3',
177 silly installInDir     jquery: '^3.4.1',
177 silly installInDir     'animate.css': '^3.7.2',
177 silly installInDir     'jquery-nice-select': '^1.1.0',
177 silly installInDir     'jquery-zoom': '^1.7.21',
177 silly installInDir     'kbw-countdown': 'https://github.com/kbwood/countdown.git',
177 silly installInDir     'line-awesome': '^1.3.0',
177 silly installInDir     nouislider: '^14.1.1',
177 silly installInDir     'popper.js': '^1.15.0',
177 silly installInDir     'slick-carousel': '^1.8.1',
177 silly installInDir     'slick-lightbox': '^0.2.12',
177 silly installInDir     'v-click-outside': '^3.0.1',
177 silly installInDir     vue: '^2.6.11',
177 silly installInDir     'vue-toast-notification': '^0.0.3'
177 silly installInDir   }
177 silly installInDir }
178 silly installInDir writing tempJson {
178 silly installInDir   dependencies: {
178 silly installInDir     bootstrap: '^3.3.7',
178 silly installInDir     'chart.js': '^2.7.3',
178 silly installInDir     'datatables.net': '^1.10.15',
178 silly installInDir     'datatables.net-bs': '^1.10.15',
178 silly installInDir     flatpickr: '^3.0.6',
178 silly installInDir     'font-awesome': '^4.7.0',
178 silly installInDir     jquery: '^3.2.1',
178 silly installInDir     'jquery-slimscroll': '^1.3.8',
178 silly installInDir     lodash: '^4.17.4',
178 silly installInDir     mousetrap: '^1.6.1',
178 silly installInDir     nprogress: '^0.2.0',
178 silly installInDir     selectize: '^0.12.6',
178 silly installInDir     sortablejs: 'https://github.com/RubaXa/Sortable',
178 silly installInDir     tinymce: '^5.2.2'
178 silly installInDir   }
178 silly installInDir }
179 silly installInDir writing tempJson { dependencies: { jstree: '^3.3.9' } }
180 silly getExecOpts { cwd: 'D:\\Server\\FleetCart\\peanuts\\Modules\\Votes' }
181 silly installInDir [
181 silly installInDir   'yarn',
181 silly installInDir   [ 'install', '--mutex', 'network:42424', '--non-interactive' ]
181 silly installInDir ]
182 silly getExecOpts { cwd: 'D:\\Server\\FleetCart\\peanuts\\Themes\\Storefront' }
183 silly installInDir [
183 silly installInDir   'yarn',
183 silly installInDir   [ 'install', '--mutex', 'network:42424', '--non-interactive' ]
183 silly installInDir ]
184 silly installInDir cleanup D:\Server\FleetCart\peanuts\Modules\Votes\package.json
185 silly renameSync [
185 silly renameSync   'D:\\Server\\FleetCart\\peanuts\\Modules\\Votes\\package.json.lerna_backup',
185 silly renameSync   'D:\\Server\\FleetCart\\peanuts\\Modules\\Votes\\package.json'
185 silly renameSync ]
186 verbose installed leaf undefined
187 error execute callback with error
188 error Error: spawn yarn ENOENT
188 error     at notFoundError (D:\Server\FleetCart\peanuts\node_modules\execa\node_modules\cross-spawn\lib\enoent.js:11:11)
188 error     at verifyENOENT (D:\Server\FleetCart\peanuts\node_modules\execa\node_modules\cross-spawn\lib\enoent.js:46:16)
188 error     at ChildProcess.cp.emit (D:\Server\FleetCart\peanuts\node_modules\execa\node_modules\cross-spawn\lib\enoent.js:33:19)
